<?xml version="1.0" encoding="UTF-8"?>
<!-- Generated by org.testng.reporters.JUnitXMLReporter -->
<testsuite ignored="2" hostname="DESKTOP-EKTU0VS" failures="0" tests="6" name="Test-Runner2" time="457.001" errors="0" timestamp="04 May 2024 10:55:52 GMT">
  <testcase classname="com.comcast.crm.orgtest.CreateOrganisationTest" name="CreateOrganisationTest" time="56.458"/>
  <testcase classname="com.comcast.crm.orgtest.CreateOrganisationTest" name="CreateOrganisationWithIndustryTest" time="44.513"/>
  <testcase classname="com.comcast.crm.orgtest.CreateOrganisationTest" name="CreateOrganisationWithPhoneNumberTest" time="44.828"/>
  <testcase classname="com.comcast.crm.contesttest.CreateContactTest" name="CreateContactWithOrgTest" time="84.845"/>
  <testcase classname="com.comcast.crm.contesttest.CreateContactTest" name="CreateContactWithSupportDateTest" time="41.545"/>
  <testcase classname="com.comcast.crm.contesttest.CreateContactTest" name="createContactTest" time="43.215"/>
  <testcase classname="com.comcast.crm.generic.BaseTest.BaseClass" name="@BeforeSuite bsConfig" time="0.0">
    <ignored/>
  </testcase> <!-- @BeforeSuite bsConfig -->
  <testcase classname="com.comcast.crm.generic.BaseTest.BaseClass" name="@AfterSuite asConfig" time="0.0">
    <ignored/>
  </testcase> <!-- @AfterSuite asConfig -->
</testsuite> <!-- Test-Runner2 -->
