<?xml version="1.0" encoding="UTF-8"?>
<!-- Generated by org.testng.reporters.JUnitReportReporter -->
<testsuite hostname="DESKTOP-EKTU0VS" failures="0" tests="1" name="com.comcast.crm.orgtest.CreateOrganisationWithIndustryTest" time="49.776" errors="0" timestamp="02 May 2024 10:24:23 GMT" skipped="0">
  <testcase classname="com.comcast.crm.orgtest.CreateOrganisationWithIndustryTest" name="CreateOrganisationWithIndustryTest" time="49.776"/>
</testsuite> <!-- com.comcast.crm.orgtest.CreateOrganisationWithIndustryTest -->
