<?xml version="1.0" encoding="UTF-8"?>
<!-- Generated by org.testng.reporters.JUnitReportReporter -->
<testsuite hostname="DESKTOP-EKTU0VS" failures="0" tests="3" name="com.comcast.crm.orgtest.CreateOrganisationTest" time="133.679" errors="0" timestamp="10 May 2024 10:08:27 GMT" skipped="0">
  <testcase classname="com.comcast.crm.orgtest.CreateOrganisationTest" name="CreateOrganisationWithPhoneNumberTest" time="45.118"/>
  <testcase classname="com.comcast.crm.orgtest.CreateOrganisationTest" name="CreateOrganisationTest" time="46.140"/>
  <testcase classname="com.comcast.crm.orgtest.CreateOrganisationTest" name="CreateOrganisationWithIndustryTest" time="42.421"/>
</testsuite> <!-- com.comcast.crm.orgtest.CreateOrganisationTest -->
