<?xml version="1.0" encoding="UTF-8"?>
<!-- Generated by org.testng.reporters.JUnitReportReporter -->
<testsuite hostname="DESKTOP-EKTU0VS" failures="0" tests="2" name="com.pac1.CreateContactTest" time="0.028" errors="0" timestamp="02 May 2024 04:51:47 GMT" skipped="0">
  <testcase classname="com.pac1.CreateContactTest" name="createContactwithphoneno" time="0.013"/>
  <testcase classname="com.pac1.CreateContactTest" name="createContactTest" time="0.015"/>
</testsuite> <!-- com.pac1.CreateContactTest -->
