<?xml version="1.0" encoding="UTF-8"?>
<!-- Generated by org.testng.reporters.JUnitReportReporter -->
<testsuite hostname="DESKTOP-EKTU0VS" failures="0" tests="1" name="com.comcast.crm.contesttest.CreateContactWithSupportDateTest" time="47.988" errors="0" timestamp="02 May 2024 07:41:41 GMT" skipped="0">
  <testcase classname="com.comcast.crm.contesttest.CreateContactWithSupportDateTest" name="CreateContactWithSupportDateTest" time="47.988"/>
</testsuite> <!-- com.comcast.crm.contesttest.CreateContactWithSupportDateTest -->
