<?xml version="1.0" encoding="UTF-8"?>
<!-- Generated by org.testng.reporters.JUnitReportReporter -->
<testsuite hostname="DESKTOP-EKTU0VS" failures="0" tests="2" name="practice.test.InvoiceTest" time="43.499" errors="0" timestamp="07 May 2024 07:08:08 GMT" skipped="0">
  <testcase classname="practice.test.InvoiceTest" name="createInvoiceWithContactTest" time="22.552"/>
  <testcase classname="practice.test.InvoiceTest" name="createInvoiceTest" time="20.947"/>
</testsuite> <!-- practice.test.InvoiceTest -->
