<?xml version="1.0" encoding="UTF-8"?>
<!-- Generated by org.testng.reporters.JUnitReportReporter -->
<testsuite hostname="DESKTOP-EKTU0VS" failures="0" tests="3" name="practice.test.GetProductInfoTest" time="92.448" errors="0" timestamp="01 May 2024 05:11:52 GMT" skipped="0">
  <testcase classname="practice.test.GetProductInfoTest" name="getProductInfo" time="26.402"/>
  <testcase classname="practice.test.GetProductInfoTest" name="getProductInfo" time="25.727"/>
  <testcase classname="practice.test.GetProductInfoTest" name="getProductInfo" time="40.319"/>
</testsuite> <!-- practice.test.GetProductInfoTest -->
