<?xml version="1.0" encoding="UTF-8"?>
<!-- Generated by org.testng.reporters.JUnitReportReporter -->
<testsuite hostname="DESKTOP-EKTU0VS" failures="0" tests="3" name="practice.test.Contact_Dp" time="0.086" errors="0" timestamp="01 May 2024 07:14:14 GMT" skipped="0">
  <testcase classname="practice.test.Contact_Dp" name="getProductInfo" time="0.011"/>
  <testcase classname="practice.test.Contact_Dp" name="getProductInfo" time="0.030"/>
  <testcase classname="practice.test.Contact_Dp" name="getProductInfo" time="0.045"/>
</testsuite> <!-- practice.test.Contact_Dp -->
