<?xml version="1.0" encoding="UTF-8"?>
<!-- Generated by org.testng.reporters.JUnitReportReporter -->
<testsuite hostname="DESKTOP-EKTU0VS" failures="0" tests="1" name="com.comcast.crm.contesttest.CreateContactWithOrgTest" time="73.922" errors="0" timestamp="02 May 2024 07:40:29 GMT" skipped="0">
  <testcase classname="com.comcast.crm.contesttest.CreateContactWithOrgTest" name="CreateContactWithOrgTest" time="73.922"/>
</testsuite> <!-- com.comcast.crm.contesttest.CreateContactWithOrgTest -->
